<?xml version="1.0" encoding="UTF-8"?>
<!-- Generated by org.testng.reporters.JUnitReportReporter -->
<testsuite hostname="LAPTOP-E359OF4O" name="Academy.ValidateNavigation" tests="1" failures="0" timestamp="9 Mar 2021 18:07:07 GMT" time="0.665" errors="0">
  <testcase name="basePageNavigation" time="0.665" classname="Academy.ValidateNavigation"/>
</testsuite> <!-- Academy.ValidateNavigation -->
